  main.cpp
c:\users\indeg\documents\visual studio 2015\bullet\src\LinearMath/btIDebugDraw.h(169): warning C4305: 'argument': truncation from 'double' to 'const btScalar'
c:\users\indeg\documents\visual studio 2015\bullet\src\LinearMath/btIDebugDraw.h(170): warning C4305: 'argument': truncation from 'double' to 'const btScalar'
c:\users\indeg\documents\visual studio 2015\bullet\src\LinearMath/btIDebugDraw.h(171): warning C4305: 'argument': truncation from 'double' to 'const btScalar'
main.cpp(28): warning C4244: '=': conversion from 'int' to 'float', possible loss of data
main.cpp(31): warning C4244: '=': conversion from 'int' to 'float', possible loss of data
main.cpp(34): warning C4244: '=': conversion from 'int' to 'float', possible loss of data
main.cpp(37): warning C4800: 'int': forcing value to bool 'true' or 'false' (performance warning)
main.cpp(128): warning C4244: 'argument': conversion from 'float' to 'int', possible loss of data
main.cpp(130): warning C4244: 'argument': conversion from 'float' to 'int', possible loss of data
main.cpp(133): warning C4244: 'argument': conversion from 'float' to 'int', possible loss of data
main.cpp(138): warning C4244: 'argument': conversion from 'float' to 'int', possible loss of data
main.cpp(173): warning C4244: '=': conversion from 'double' to 'float', possible loss of data
main.cpp(174): warning C4244: '=': conversion from 'double' to 'float', possible loss of data
main.cpp(186): warning C4244: '=': conversion from 'double' to 'float', possible loss of data
main.cpp(187): warning C4244: '=': conversion from 'double' to 'float', possible loss of data
main.cpp(199): warning C4244: '=': conversion from 'double' to 'float', possible loss of data
main.cpp(200): warning C4244: '=': conversion from 'double' to 'float', possible loss of data
main.cpp(261): warning C4805: '!=': unsafe mix of type 'bool' and type 'boolean' in operation
main.cpp(268): warning C4800: 'boolean': forcing value to bool 'true' or 'false' (performance warning)
main.cpp(281): warning C4244: 'argument': conversion from 'time_t' to 'unsigned int', possible loss of data
main.cpp(342): warning C4244: 'argument': conversion from 'double' to 'float', possible loss of data
main.cpp(346): warning C4244: 'argument': conversion from 'double' to 'float', possible loss of data
